<?xml version="1.0" encoding="UTF-8"?>
<testng-results ignored="0" total="1" passed="1" failed="0" skipped="0">
  <reporter-output>
  </reporter-output>
  <suite started-at="2020-02-13T17:09:59 IST" name="Default suite" finished-at="2020-02-13T17:10:02 IST" duration-ms="3457">
    <groups>
    </groups>
    <test started-at="2020-02-13T17:09:59 IST" name="Default test" finished-at="2020-02-13T17:10:02 IST" duration-ms="3457">
      <class name="com.API.com.ApiRest.City">
        <test-method signature="getCity()[pri:0, instance:com.API.com.ApiRest.City@5ab9e72c]" started-at="2020-02-13T17:09:59 IST" name="getCity" finished-at="2020-02-13T17:10:02 IST" duration-ms="3431" status="PASS">
          <reporter-output>
          </reporter-output>
        </test-method> <!-- getCity -->
      </class> <!-- com.API.com.ApiRest.City -->
    </test> <!-- Default test -->
  </suite> <!-- Default suite -->
</testng-results>
